<!DOCTYPE html>
<html>
<head>
    <title>Unittest Results</title>
    <meta charset="utf-8">
    <meta name="viewport" content="width=device-width, initial-scale=1.0">
    <link rel="stylesheet" href="https://maxcdn.bootstrapcdn.com/bootstrap/3.3.6/css/bootstrap.min.css" integrity="sha384-1q8mTJOASx8j1Au+a5WDVnPi2lkFfwwEAa8hDDdjZlpLegxhjVME1fgjWPGmkzs7" crossorigin="anonymous">
</head>
<body>
    <div class="container">
        <div class="row">
            <div class="col-xs-12">
                <h2 class="text-capitalize">Unittest Results</h2>
                <p class='attribute'><strong>Start Time: </strong>2022-04-28 05:25:55</p>
                <p class='attribute'><strong>Duration: </strong>0 ms</p>
                <p class='attribute'><strong>Summary: </strong>Total: 1, Pass: 0, Error: 1</p>
            </div>
        </div>
        <div class="row">
            <div class="col-xs-12 col-sm-10 col-md-10">
                <table class='table table-hover table-responsive'>
                    <thead>
                        <tr>
                            <th>tearDownClass (__main__</th>
                            <th>Status</th>
                            <th></th>
                        </tr>
                    </thead>
                    <tbody>
                        <tr class='warning'>
                            <td class="col-xs-10">LoginTestCase)</td>
                            <td class="col-xs-1">
                                <span class="label label-warning" style="display:block;width:40px;">Error</span>
                            </td>
                            <td class="col-xs-1">
                                <button class="btn btn-default btn-xs">View</button>
                            </td>
                        </tr>
                        <tr style="display:none;">
                            <td class="col-xs-9" colspan="3"><p style="color:maroon;">WebDriverException: Message: chrome not reachable
  (Session info: chrome=100.0.4896.127)
Stacktrace:
Backtrace:
	Ordinal0 [0x009F7413+2389011]
	Ordinal0 [0x00989F61+1941345]
	Ordinal0 [0x0087C520+836896]
	Ordinal0 [0x00870682+788098]
	Ordinal0 [0x008640F1+737521]
	Ordinal0 [0x008CA490+1156240]
	Ordinal0 [0x008C4113+1130771]
	Ordinal0 [0x0089E546+976198]
	Ordinal0 [0x0089F456+980054]
	GetHandleVerifier [0x00BA9632+1727522]
	GetHandleVerifier [0x00C5BA4D+2457661]
	GetHandleVerifier [0x00A8EB81+569713]
	GetHandleVerifier [0x00A8DD76+566118]
	Ordinal0 [0x00990B2B+1968939]
	Ordinal0 [0x00995988+1989000]
	Ordinal0 [0x00995A75+1989237]
	Ordinal0 [0x0099ECB1+2026673]
	BaseThreadInitThunk [0x752BFA29+25]
	RtlGetAppContainerNamedObjectPath [0x77437A7E+286]
	RtlGetAppContainerNamedObjectPath [0x77437A4E+238]
</p><p style="color:maroon;">Traceback (most recent call last):
  File "c:\Users\LENOVO\Desktop\ProjectSeleniumPOM\POMProjectDemo\Tests\login.py", line 71, in tearDownClass
    cls.driver.close()
  File "C:\Users\LENOVO\AppData\Local\Programs\Python\Python310\lib\site-packages\selenium\webdriver\remote\webdriver.py", line 938, in close
    self.execute(Command.CLOSE)
  File "C:\Users\LENOVO\AppData\Local\Programs\Python\Python310\lib\site-packages\selenium\webdriver\remote\webdriver.py", line 425, in execute
    self.error_handler.check_response(response)
  File "C:\Users\LENOVO\AppData\Local\Programs\Python\Python310\lib\site-packages\selenium\webdriver\remote\errorhandler.py", line 247, in check_response
    raise exception_class(message, screen, stacktrace)
selenium.common.exceptions.WebDriverException: Message: chrome not reachable
  (Session info: chrome=100.0.4896.127)
Stacktrace:
Backtrace:
	Ordinal0 [0x009F7413+2389011]
	Ordinal0 [0x00989F61+1941345]
	Ordinal0 [0x0087C520+836896]
	Ordinal0 [0x00870682+788098]
	Ordinal0 [0x008640F1+737521]
	Ordinal0 [0x008CA490+1156240]
	Ordinal0 [0x008C4113+1130771]
	Ordinal0 [0x0089E546+976198]
	Ordinal0 [0x0089F456+980054]
	GetHandleVerifier [0x00BA9632+1727522]
	GetHandleVerifier [0x00C5BA4D+2457661]
	GetHandleVerifier [0x00A8EB81+569713]
	GetHandleVerifier [0x00A8DD76+566118]
	Ordinal0 [0x00990B2B+1968939]
	Ordinal0 [0x00995988+1989000]
	Ordinal0 [0x00995A75+1989237]
	Ordinal0 [0x0099ECB1+2026673]
	BaseThreadInitThunk [0x752BFA29+25]
	RtlGetAppContainerNamedObjectPath [0x77437A7E+286]
	RtlGetAppContainerNamedObjectPath [0x77437A4E+238]

</p>
                            </td>
                        </tr>
                        <tr>
                            <td colspan="3">
                                Total: 1, Pass: 0, Error: 1 -- Duration: 0 ms
                            </td>
                        </tr>
                    </tbody>
                </table>
            </div>
        </div>
    </div>
    <script src="https://ajax.googleapis.com/ajax/libs/jquery/2.2.4/jquery.min.js"></script>
    <script type="text/javascript">
        $(document).ready(function(){
            $('td').on('click', '.btn', function(e){
                e.preventDefault();
                e.stopImmediatePropagation();
                var $this = $(this);
                var $nextRow = $this.closest('tr').next('tr');
                $nextRow.slideToggle("fast");
                $this.text(function(i, text){
                    if (text === 'View') {
                        return 'Hide';
                    } else {
                        return 'View';
                    };
                });
            });
        });
    </script>
</body>
</html